<?xml version="1.0" encoding="UTF-8"?>
<!-- Generated by org.testng.reporters.JUnitXMLReporter -->
<testsuite ignored="0" hostname="DESKTOP-1PN0SF5" failures="0" tests="3" name="Default test" time="18.865" errors="0" timestamp="2022-12-15T17:27:28 CET">
  <testcase classname="todos.AutomatedTestCasesForToDoApplication" name="TC001_taskCreation" time="2.372"/>
  <testcase classname="todos.AutomatedTestCasesForToDoApplication" name="TC010_toCancelEscKeyboard" time="2.196"/>
  <testcase classname="todos.AutomatedTestCasesForToDoApplication" name="TC013_DuplicatesNamesAllowed" time="0.401"/>
</testsuite> <!-- Default test -->
